<?xml version="1.0" encoding="UTF-8"?>
<testsuite xmlns:xsi="http://www.w3.org/2001/XMLSchema-instance" xsi:noNamespaceSchemaLocation="https://maven.apache.org/surefire/maven-surefire-plugin/xsd/surefire-test-report-3.0.xsd" version="3.0" name="com.example.solveryInvest.SolveryInvestApplicationTests" time="15.446" tests="1" errors="0" skipped="0" failures="0">
  <properties>
[...]
</properties>
  <testcase name="contextLoads" classname="com.example.solveryInvest.SolveryInvestApplicationTests" time="0.681">
    <system-out><![CDATA[17:33:01.718 [main] INFO  o.s.t.c.s.AnnotationConfigContextLoaderUtils -- Could not detect default configuration classes for test class [com.example.solveryInvest.SolveryInvestApplicationTests]: SolveryInvestApplicationTests does not declare any static, non-private, non-final, nested classes annotated with @Configuration.
17:33:01.891 [main] INFO  o.s.b.t.c.SpringBootTestContextBootstrapper -- Found @SpringBootConfiguration com.example.solveryInvest.SolveryInvestApplication for test class com.example.solveryInvest.SolveryInvestApplicationTests

  .   ____          _            __ _ _
 /\\ / ___'_ __ _ _(_)_ __  __ _ \ \ \ \
( ( )\___ | '_ | '_| | '_ \/ _` | \ \ \ \
 \\/  ___)| |_)| | | | | || (_| |  ) ) ) )
  '  |____| .__|_| |_|_| |_\__, | / / / /
 =========|_|==============|___/=/_/_/_/
 :: Spring Boot ::                (v3.1.4)

17:33:02.394 [main] INFO  c.e.s.SolveryInvestApplicationTests -- Starting SolveryInvestApplicationTests using Java 19 with PID 23988 (started by User in C:\projects\solveryInvest)
17:33:02.395 [main] INFO  c.e.s.SolveryInvestApplicationTests -- No active profile set, falling back to 1 default profile: "default"
17:33:03.287 [main] INFO  o.s.d.r.c.RepositoryConfigurationDelegate -- Bootstrapping Spring Data JPA repositories in DEFAULT mode.
17:33:03.329 [main] INFO  o.s.d.r.c.RepositoryConfigurationDelegate -- Finished Spring Data repository scanning in 31 ms. Found 0 JPA repository interfaces.
17:33:08.984 [main] INFO  com.zaxxer.hikari.HikariDataSource -- Primary - Starting...
17:33:09.347 [main] INFO  com.zaxxer.hikari.pool.HikariPool -- Primary - Added connection org.postgresql.jdbc.PgConnection@becb93a
17:33:09.349 [main] INFO  com.zaxxer.hikari.HikariDataSource -- Primary - Start completed.
17:33:09.419 [main] INFO  o.h.jpa.internal.util.LogHelper -- HHH000204: Processing PersistenceUnitInfo [name: default]
17:33:09.526 [main] INFO  org.hibernate.Version -- HHH000412: Hibernate ORM core version 6.2.9.Final
17:33:09.530 [main] INFO  org.hibernate.cfg.Environment -- HHH000406: Using bytecode reflection optimizer
17:33:09.840 [main] INFO  o.h.b.i.BytecodeProviderInitiator -- HHH000021: Bytecode provider name : bytebuddy
17:33:10.054 [main] INFO  o.s.o.j.p.SpringPersistenceUnitInfo -- No LoadTimeWeaver setup: ignoring JPA class transformer
17:33:10.378 [main] INFO  o.h.b.i.BytecodeProviderInitiator -- HHH000021: Bytecode provider name : bytebuddy
17:33:11.156 [main] INFO  o.h.e.t.j.p.i.JtaPlatformInitiator -- HHH000490: Using JtaPlatform implementation: [org.hibernate.engine.transaction.jta.platform.internal.NoJtaPlatform]
17:33:11.161 [main] INFO  o.s.o.j.LocalContainerEntityManagerFactoryBean -- Initialized JPA EntityManagerFactory for persistence unit 'default'
17:33:11.474 [main] INFO  o.s.s.web.DefaultSecurityFilterChain -- Will secure any request with [org.springframework.security.web.session.DisableEncodeUrlFilter@581da9e6, org.springframework.security.web.session.ForceEagerSessionCreationFilter@1c11a496, org.springframework.security.web.context.request.async.WebAsyncManagerIntegrationFilter@6296c184, org.springframework.security.web.context.SecurityContextHolderFilter@33224703, org.springframework.security.web.header.HeaderWriterFilter@44992466, org.springframework.security.web.authentication.logout.LogoutFilter@443819d5, com.example.solveryInvest.security.JwtAuthFilter@24df4805, org.springframework.security.web.savedrequest.RequestCacheAwareFilter@1d63f6be, org.springframework.security.web.servletapi.SecurityContextHolderAwareRequestFilter@7475f57e, org.springframework.security.web.authentication.AnonymousAuthenticationFilter@3ea95f79, org.springframework.security.web.session.SessionManagementFilter@1da2219c, org.springframework.security.web.access.ExceptionTranslationFilter@424ebf5b, org.springframework.security.web.access.intercept.AuthorizationFilter@297db6ad]
17:33:15.903 [main] WARN  o.s.c.LocalVariableTableParameterNameDiscoverer -- Using deprecated '-debug' fallback for parameter name resolution. Compile the affected code with '-parameters' instead or avoid its introspection: org.springframework.session.hazelcast.config.annotation.web.http.HazelcastHttpSessionConfiguration
17:33:16.052 [main] INFO  c.e.s.SolveryInvestApplicationTests -- Started SolveryInvestApplicationTests in 13.94 seconds (process running for 15.361)
]]></system-out>
  </testcase>
</testsuite>